This is pdfTeX, Version 3.141592653-2.6-1.40.25 (MiKTeX 24.1) (preloaded format=pdflatex 2024.2.3)  10 FEB 2024 14:44
entering extended mode
 restricted \write18 enabled.
 %&-line parsing enabled.
**./compte_rendu.tex
(compte_rendu.tex
LaTeX2e <2023-11-01> patch level 1
L3 programming layer <2024-01-22>
(C:\Users\Ivan\AppData\Local\Programs\MiKTeX\tex/latex/base\article.cls
Document Class: article 2023/05/17 v1.4n Standard LaTeX document class
(C:\Users\Ivan\AppData\Local\Programs\MiKTeX\tex/latex/base\size10.clo
File: size10.clo 2023/05/17 v1.4n Standard LaTeX file (size option)
)
\c@part=\count187
\c@section=\count188
\c@subsection=\count189
\c@subsubsection=\count190
\c@paragraph=\count191
\c@subparagraph=\count192
\c@figure=\count193
\c@table=\count194
\abovecaptionskip=\skip48
\belowcaptionskip=\skip49
\bibindent=\dimen140
)
(C:\Users\Ivan\AppData\Local\Programs\MiKTeX\tex/latex/geometry\geometry.sty
Package: geometry 2020/01/02 v5.9 Page Geometry

(C:\Users\Ivan\AppData\Local\Programs\MiKTeX\tex/latex/graphics\keyval.sty
Package: keyval 2022/05/29 v1.15 key=value parser (DPC)
\KV@toks@=\toks17
)
(C:\Users\Ivan\AppData\Local\Programs\MiKTeX\tex/generic/iftex\ifvtex.sty
Package: ifvtex 2019/10/25 v1.7 ifvtex legacy package. Use iftex instead.

(C:\Users\Ivan\AppData\Local\Programs\MiKTeX\tex/generic/iftex\iftex.sty
Package: iftex 2022/02/03 v1.0f TeX engine tests
))
\Gm@cnth=\count195
\Gm@cntv=\count196
\c@Gm@tempcnt=\count197
\Gm@bindingoffset=\dimen141
\Gm@wd@mp=\dimen142
\Gm@odd@mp=\dimen143
\Gm@even@mp=\dimen144
\Gm@layoutwidth=\dimen145
\Gm@layoutheight=\dimen146
\Gm@layouthoffset=\dimen147
\Gm@layoutvoffset=\dimen148
\Gm@dimlist=\toks18

(C:\Users\Ivan\AppData\Local\Programs\MiKTeX\tex/latex/geometry\geometry.cfg))
(C:\Users\Ivan\AppData\Local\Programs\MiKTeX\tex/latex/base\fontenc.sty
Package: fontenc 2021/04/29 v2.0v Standard LaTeX package
)
(C:\Users\Ivan\AppData\Local\Programs\MiKTeX\tex/generic/babel\babel.sty
Package: babel 2024/01/07 v24.1 The Babel package
\babel@savecnt=\count198
\U@D=\dimen149
\l@unhyphenated=\language79

(C:\Users\Ivan\AppData\Local\Programs\MiKTeX\tex/generic/babel\txtbabel.def)
\bbl@readstream=\read2
\bbl@dirlevel=\count199

*************************************
* Local config file bblopts.cfg used
*
(C:\Users\Ivan\AppData\Local\Programs\MiKTeX\tex/latex/arabi\bblopts.cfg
File: bblopts.cfg 2005/09/08 v0.1 add Arabic and Farsi to "declared" options of
 babel
)
(C:\Users\Ivan\AppData\Local\Programs\MiKTeX\tex/generic/babel-french\french.ld
f
Language: french 2023-12-19 v3.5r French support from the babel system
Package babel Info: Hyphen rules for 'acadian' set to \l@french
(babel)             (\language22). Reported on input line 91.
Package babel Info: Hyphen rules for 'canadien' set to \l@french
(babel)             (\language22). Reported on input line 92.
\FB@stdchar=\count266
Package babel Info: Making : an active character on input line 420.
Package babel Info: Making ; an active character on input line 421.
Package babel Info: Making ! an active character on input line 422.
Package babel Info: Making ? an active character on input line 423.
\FBguill@level=\count267
\FBold@everypar=\toks19
\FB@Mht=\dimen150
\mc@charclass=\count268
\mc@charfam=\count269
\mc@charslot=\count270
\std@mcc=\count271
\dec@mcc=\count272
\FB@parskip=\dimen151
\listindentFB=\dimen152
\descindentFB=\dimen153
\labelindentFB=\dimen154
\labelwidthFB=\dimen155
\leftmarginFB=\dimen156
\parindentFFN=\dimen157
\FBfnindent=\dimen158
))
(C:\Users\Ivan\AppData\Local\Programs\MiKTeX\tex/generic/babel/locale/fr\babel-
french.tex
Package babel Info: Importing font and identification data for french
(babel)             from babel-fr.ini. Reported on input line 11.
)
(C:\Users\Ivan\AppData\Local\Programs\MiKTeX\tex/latex/carlisle\scalefnt.sty)
(C:\Users\Ivan\AppData\Local\Programs\MiKTeX\tex/latex/lm\lmodern.sty
Package: lmodern 2015/05/01 v1.6.1 Latin Modern Fonts
LaTeX Font Info:    Overwriting symbol font `operators' in version `normal'
(Font)                  OT1/cmr/m/n --> OT1/lmr/m/n on input line 22.
LaTeX Font Info:    Overwriting symbol font `letters' in version `normal'
(Font)                  OML/cmm/m/it --> OML/lmm/m/it on input line 23.
LaTeX Font Info:    Overwriting symbol font `symbols' in version `normal'
(Font)                  OMS/cmsy/m/n --> OMS/lmsy/m/n on input line 24.
LaTeX Font Info:    Overwriting symbol font `largesymbols' in version `normal'
(Font)                  OMX/cmex/m/n --> OMX/lmex/m/n on input line 25.
LaTeX Font Info:    Overwriting symbol font `operators' in version `bold'
(Font)                  OT1/cmr/bx/n --> OT1/lmr/bx/n on input line 26.
LaTeX Font Info:    Overwriting symbol font `letters' in version `bold'
(Font)                  OML/cmm/b/it --> OML/lmm/b/it on input line 27.
LaTeX Font Info:    Overwriting symbol font `symbols' in version `bold'
(Font)                  OMS/cmsy/b/n --> OMS/lmsy/b/n on input line 28.
LaTeX Font Info:    Overwriting symbol font `largesymbols' in version `bold'
(Font)                  OMX/cmex/m/n --> OMX/lmex/m/n on input line 29.
LaTeX Font Info:    Overwriting math alphabet `\mathbf' in version `normal'
(Font)                  OT1/cmr/bx/n --> OT1/lmr/bx/n on input line 31.
LaTeX Font Info:    Overwriting math alphabet `\mathsf' in version `normal'
(Font)                  OT1/cmss/m/n --> OT1/lmss/m/n on input line 32.
LaTeX Font Info:    Overwriting math alphabet `\mathit' in version `normal'
(Font)                  OT1/cmr/m/it --> OT1/lmr/m/it on input line 33.
LaTeX Font Info:    Overwriting math alphabet `\mathtt' in version `normal'
(Font)                  OT1/cmtt/m/n --> OT1/lmtt/m/n on input line 34.
LaTeX Font Info:    Overwriting math alphabet `\mathbf' in version `bold'
(Font)                  OT1/cmr/bx/n --> OT1/lmr/bx/n on input line 35.
LaTeX Font Info:    Overwriting math alphabet `\mathsf' in version `bold'
(Font)                  OT1/cmss/bx/n --> OT1/lmss/bx/n on input line 36.
LaTeX Font Info:    Overwriting math alphabet `\mathit' in version `bold'
(Font)                  OT1/cmr/bx/it --> OT1/lmr/bx/it on input line 37.
LaTeX Font Info:    Overwriting math alphabet `\mathtt' in version `bold'
(Font)                  OT1/cmtt/m/n --> OT1/lmtt/m/n on input line 38.
)
(C:\Users\Ivan\AppData\Local\Programs\MiKTeX\tex/latex/enumitem\enumitem.sty
Package: enumitem 2019/06/20 v3.9 Customized lists
\labelindent=\skip50
\enit@outerparindent=\dimen159
\enit@toks=\toks20
\enit@inbox=\box51
\enit@count@id=\count273
\enitdp@description=\count274
)
(C:\Users\Ivan\AppData\Local\Programs\MiKTeX\tex/latex/hyperref\hyperref.sty
Package: hyperref 2024-01-20 v7.01h Hypertext links for LaTeX

(C:\Users\Ivan\AppData\Local\Programs\MiKTeX\tex/latex/kvsetkeys\kvsetkeys.sty
Package: kvsetkeys 2022-10-05 v1.19 Key value parser (HO)
)
(C:\Users\Ivan\AppData\Local\Programs\MiKTeX\tex/generic/kvdefinekeys\kvdefinek
eys.sty
Package: kvdefinekeys 2019-12-19 v1.6 Define keys (HO)
)
(C:\Users\Ivan\AppData\Local\Programs\MiKTeX\tex/generic/pdfescape\pdfescape.st
y
Package: pdfescape 2019/12/09 v1.15 Implements pdfTeX's escape features (HO)
 (C:\Users\Ivan\AppData\Local\Programs\MiKTeX\tex/generic/ltxcmds\ltxcmds.sty
Package: ltxcmds 2023-12-04 v1.26 LaTeX kernel commands for general use (HO)
)
(C:\Users\Ivan\AppData\Local\Programs\MiKTeX\tex/generic/pdftexcmds\pdftexcmds.
sty
Package: pdftexcmds 2020-06-27 v0.33 Utility functions of pdfTeX for LuaTeX (HO
)

(C:\Users\Ivan\AppData\Local\Programs\MiKTeX\tex/generic/infwarerr\infwarerr.st
y
Package: infwarerr 2019/12/03 v1.5 Providing info/warning/error messages (HO)
)
Package pdftexcmds Info: \pdf@primitive is available.
Package pdftexcmds Info: \pdf@ifprimitive is available.
Package pdftexcmds Info: \pdfdraftmode found.
)) (C:\Users\Ivan\AppData\Local\Programs\MiKTeX\tex/latex/hycolor\hycolor.sty
Package: hycolor 2020-01-27 v1.10 Color options for hyperref/bookmark (HO)
) (C:\Users\Ivan\AppData\Local\Programs\MiKTeX\tex/latex/auxhook\auxhook.sty
Package: auxhook 2019-12-17 v1.6 Hooks for auxiliary files (HO)
)
(C:\Users\Ivan\AppData\Local\Programs\MiKTeX\tex/latex/hyperref\nameref.sty
Package: nameref 2023-11-26 v2.56 Cross-referencing by name of section

(C:\Users\Ivan\AppData\Local\Programs\MiKTeX\tex/latex/refcount\refcount.sty
Package: refcount 2019/12/15 v3.6 Data extraction from label references (HO)
)
(C:\Users\Ivan\AppData\Local\Programs\MiKTeX\tex/generic/gettitlestring\gettitl
estring.sty
Package: gettitlestring 2019/12/15 v1.6 Cleanup title references (HO)

(C:\Users\Ivan\AppData\Local\Programs\MiKTeX\tex/latex/kvoptions\kvoptions.sty
Package: kvoptions 2022-06-15 v3.15 Key value format for package options (HO)
))
\c@section@level=\count275
) (C:\Users\Ivan\AppData\Local\Programs\MiKTeX\tex/latex/etoolbox\etoolbox.sty
Package: etoolbox 2020/10/05 v2.5k e-TeX tools for LaTeX (JAW)
\etb@tempcnta=\count276
)
\@linkdim=\dimen160
\Hy@linkcounter=\count277
\Hy@pagecounter=\count278
 (C:\Users\Ivan\AppData\Local\Programs\MiKTeX\tex/latex/hyperref\pd1enc.def
File: pd1enc.def 2024-01-20 v7.01h Hyperref: PDFDocEncoding definition (HO)
Now handling font encoding PD1 ...
... no UTF-8 mapping file for font encoding PD1
)
(C:\Users\Ivan\AppData\Local\Programs\MiKTeX\tex/generic/intcalc\intcalc.sty
Package: intcalc 2019/12/15 v1.3 Expandable calculations with integers (HO)
)
\Hy@SavedSpaceFactor=\count279

(C:\Users\Ivan\AppData\Local\Programs\MiKTeX\tex/latex/hyperref\puenc.def
File: puenc.def 2024-01-20 v7.01h Hyperref: PDF Unicode definition (HO)
Now handling font encoding PU ...
... no UTF-8 mapping file for font encoding PU
)
Package hyperref Info: Hyper figures OFF on input line 4179.
Package hyperref Info: Link nesting OFF on input line 4184.
Package hyperref Info: Hyper index ON on input line 4187.
Package hyperref Info: Plain pages OFF on input line 4194.
Package hyperref Info: Backreferencing OFF on input line 4199.
Package hyperref Info: Implicit mode ON; LaTeX internals redefined.
Package hyperref Info: Bookmarks ON on input line 4446.
\c@Hy@tempcnt=\count280

(C:\Users\Ivan\AppData\Local\Programs\MiKTeX\tex/latex/url\url.sty
\Urlmuskip=\muskip16
Package: url 2013/09/16  ver 3.4  Verb mode for urls, etc.
)
LaTeX Info: Redefining \url on input line 4784.
\XeTeXLinkMargin=\dimen161

(C:\Users\Ivan\AppData\Local\Programs\MiKTeX\tex/generic/bitset\bitset.sty
Package: bitset 2019/12/09 v1.3 Handle bit-vector datatype (HO)

(C:\Users\Ivan\AppData\Local\Programs\MiKTeX\tex/generic/bigintcalc\bigintcalc.
sty
Package: bigintcalc 2019/12/15 v1.5 Expandable calculations on big integers (HO
)
))
\Fld@menulength=\count281
\Field@Width=\dimen162
\Fld@charsize=\dimen163
Package hyperref Info: Hyper figures OFF on input line 6063.
Package hyperref Info: Link nesting OFF on input line 6068.
Package hyperref Info: Hyper index ON on input line 6071.
Package hyperref Info: backreferencing OFF on input line 6078.
Package hyperref Info: Link coloring OFF on input line 6083.
Package hyperref Info: Link coloring with OCG OFF on input line 6088.
Package hyperref Info: PDF/A mode OFF on input line 6093.

(C:\Users\Ivan\AppData\Local\Programs\MiKTeX\tex/latex/base\atbegshi-ltx.sty
Package: atbegshi-ltx 2021/01/10 v1.0c Emulation of the original atbegshi
package with kernel methods
)
\Hy@abspage=\count282
\c@Item=\count283
\c@Hfootnote=\count284
)
Package hyperref Info: Driver (autodetected): hpdftex.

(C:\Users\Ivan\AppData\Local\Programs\MiKTeX\tex/latex/hyperref\hpdftex.def
File: hpdftex.def 2024-01-20 v7.01h Hyperref driver for pdfTeX

(C:\Users\Ivan\AppData\Local\Programs\MiKTeX\tex/latex/base\atveryend-ltx.sty
Package: atveryend-ltx 2020/08/19 v1.0a Emulation of the original atveryend pac
kage
with kernel methods
)
\Fld@listcount=\count285
\c@bookmark@seq@number=\count286

(C:\Users\Ivan\AppData\Local\Programs\MiKTeX\tex/latex/rerunfilecheck\rerunfile
check.sty
Package: rerunfilecheck 2022-07-10 v1.10 Rerun checks for auxiliary files (HO)

(C:\Users\Ivan\AppData\Local\Programs\MiKTeX\tex/generic/uniquecounter\uniqueco
unter.sty
Package: uniquecounter 2019/12/15 v1.4 Provide unlimited unique counter (HO)
)
Package uniquecounter Info: New unique counter `rerunfilecheck' on input line 2
85.
)
\Hy@SectionHShift=\skip51
)
(C:\Users\Ivan\AppData\Local\Programs\MiKTeX\tex/latex/graphics\graphicx.sty
Package: graphicx 2021/09/16 v1.2d Enhanced LaTeX Graphics (DPC,SPQR)

(C:\Users\Ivan\AppData\Local\Programs\MiKTeX\tex/latex/graphics\graphics.sty
Package: graphics 2022/03/10 v1.4e Standard LaTeX Graphics (DPC,SPQR)

(C:\Users\Ivan\AppData\Local\Programs\MiKTeX\tex/latex/graphics\trig.sty
Package: trig 2021/08/11 v1.11 sin cos tan (DPC)
)
(C:\Users\Ivan\AppData\Local\Programs\MiKTeX\tex/latex/graphics-cfg\graphics.cf
g
File: graphics.cfg 2016/06/04 v1.11 sample graphics configuration
)
Package graphics Info: Driver file: pdftex.def on input line 107.

(C:\Users\Ivan\AppData\Local\Programs\MiKTeX\tex/latex/graphics-def\pdftex.def
File: pdftex.def 2022/09/22 v1.2b Graphics/color driver for pdftex
))
\Gin@req@height=\dimen164
\Gin@req@width=\dimen165
) (C:\Users\Ivan\AppData\Local\Programs\MiKTeX\tex/latex/sectsty\sectsty.sty
Package: sectsty 2002/02/25 v2.0.2 Commands to change all sectional heading sty
les


LaTeX Warning: Command \underbar  has changed.
               Check if current package is valid.


LaTeX Warning: Command \underline  has changed.
               Check if current package is valid.

)
LaTeX Font Info:    Trying to load font information for T1+lmr on input line 21
.
 (C:\Users\Ivan\AppData\Local\Programs\MiKTeX\tex/latex/lm\t1lmr.fd
File: t1lmr.fd 2015/05/01 v1.6.1 Font defs for Latin Modern
)
(C:\Users\Ivan\AppData\Local\Programs\MiKTeX\tex/latex/l3backend\l3backend-pdft
ex.def
File: l3backend-pdftex.def 2024-01-04 L3 backend support: PDF output (pdfTeX)
\l__color_backend_stack_int=\count287
\l__pdf_internal_box=\box52
)
(C:\Users\Ivan\Documents\Fac\L3\semestre-6-info\HAI605I-Donnees-multimedia\TP-P
uech\TP2\out\compte_rendu.aux)
\openout1 = `compte_rendu.aux'.

LaTeX Font Info:    Checking defaults for OML/cmm/m/it on input line 21.
LaTeX Font Info:    ... okay on input line 21.
LaTeX Font Info:    Checking defaults for OMS/cmsy/m/n on input line 21.
LaTeX Font Info:    ... okay on input line 21.
LaTeX Font Info:    Checking defaults for OT1/cmr/m/n on input line 21.
LaTeX Font Info:    ... okay on input line 21.
LaTeX Font Info:    Checking defaults for T1/cmr/m/n on input line 21.
LaTeX Font Info:    ... okay on input line 21.
LaTeX Font Info:    Checking defaults for TS1/cmr/m/n on input line 21.
LaTeX Font Info:    ... okay on input line 21.
LaTeX Font Info:    Checking defaults for OMX/cmex/m/n on input line 21.
LaTeX Font Info:    ... okay on input line 21.
LaTeX Font Info:    Checking defaults for U/cmr/m/n on input line 21.
LaTeX Font Info:    ... okay on input line 21.
LaTeX Font Info:    Checking defaults for PD1/pdf/m/n on input line 21.
LaTeX Font Info:    ... okay on input line 21.
LaTeX Font Info:    Checking defaults for PU/pdf/m/n on input line 21.
LaTeX Font Info:    ... okay on input line 21.

*geometry* driver: auto-detecting
*geometry* detected driver: pdftex
*geometry* verbose mode - [ preamble ] result:
* driver: pdftex
* paper: a4paper
* layout: <same size as paper>
* layoutoffset:(h,v)=(0.0pt,0.0pt)
* modes: 
* h-part:(L,W,R)=(85.35826pt, 426.79135pt, 85.35826pt)
* v-part:(T,H,B)=(85.35826pt, 674.33032pt, 85.35826pt)
* \paperwidth=597.50787pt
* \paperheight=845.04684pt
* \textwidth=426.79135pt
* \textheight=674.33032pt
* \oddsidemargin=13.08827pt
* \evensidemargin=13.08827pt
* \topmargin=-23.91173pt
* \headheight=12.0pt
* \headsep=25.0pt
* \topskip=10.0pt
* \footskip=30.0pt
* \marginparwidth=57.0pt
* \marginparsep=11.0pt
* \columnsep=10.0pt
* \skip\footins=9.0pt plus 4.0pt minus 2.0pt
* \hoffset=0.0pt
* \voffset=0.0pt
* \mag=1000
* \@twocolumnfalse
* \@twosidefalse
* \@mparswitchfalse
* \@reversemarginfalse
* (1in=72.27pt=25.4mm, 1cm=28.453pt)

LaTeX Info: Redefining \degres on input line 21.
Package french.ldf Info: Setting StandardItemizeEnv=true for
(french.ldf)             compatibility with enumitem package,
(french.ldf)             reported on input line 21.
Package french.ldf Info: Setting StandardEnumerateEnv=true for
(french.ldf)             compatibility with enumitem package,
(french.ldf)             reported on input line 21.
LaTeX Info: Redefining \up on input line 21.
Package hyperref Info: Link coloring OFF on input line 21.

(C:\Users\Ivan\Documents\Fac\L3\semestre-6-info\HAI605I-Donnees-multimedia\TP-P
uech\TP2\out\compte_rendu.out)
(C:\Users\Ivan\Documents\Fac\L3\semestre-6-info\HAI605I-Donnees-multimedia\TP-P
uech\TP2\out\compte_rendu.out)
\@outlinefile=\write3
\openout3 = `compte_rendu.out'.


(C:\Users\Ivan\AppData\Local\Programs\MiKTeX\tex/context/base/mkii\supp-pdf.mki
i
[Loading MPS to PDF converter (version 2006.09.02).]
\scratchcounter=\count288
\scratchdimen=\dimen166
\scratchbox=\box53
\nofMPsegments=\count289
\nofMParguments=\count290
\everyMPshowfont=\toks21
\MPscratchCnt=\count291
\MPscratchDim=\dimen167
\MPnumerator=\count292
\makeMPintoPDFobject=\count293
\everyMPtoPDFconversion=\toks22
)
(C:\Users\Ivan\AppData\Local\Programs\MiKTeX\tex/latex/epstopdf-pkg\epstopdf-ba
se.sty
Package: epstopdf-base 2020-01-24 v2.11 Base part for package epstopdf
Package epstopdf-base Info: Redefining graphics rule for `.eps' on input line 4
85.

(C:\Users\Ivan\AppData\Local\Programs\MiKTeX\tex/latex/00miktex\epstopdf-sys.cf
g
File: epstopdf-sys.cfg 2021/03/18 v2.0 Configuration of epstopdf for MiKTeX
))
LaTeX Font Info:    Trying to load font information for OT1+lmr on input line 2
3.
 (C:\Users\Ivan\AppData\Local\Programs\MiKTeX\tex/latex/lm\ot1lmr.fd
File: ot1lmr.fd 2015/05/01 v1.6.1 Font defs for Latin Modern
)
LaTeX Font Info:    Trying to load font information for OML+lmm on input line 2
3.

(C:\Users\Ivan\AppData\Local\Programs\MiKTeX\tex/latex/lm\omllmm.fd
File: omllmm.fd 2015/05/01 v1.6.1 Font defs for Latin Modern
)
LaTeX Font Info:    Trying to load font information for OMS+lmsy on input line 
23.

(C:\Users\Ivan\AppData\Local\Programs\MiKTeX\tex/latex/lm\omslmsy.fd
File: omslmsy.fd 2015/05/01 v1.6.1 Font defs for Latin Modern
)
LaTeX Font Info:    Trying to load font information for OMX+lmex on input line 
23.

(C:\Users\Ivan\AppData\Local\Programs\MiKTeX\tex/latex/lm\omxlmex.fd
File: omxlmex.fd 2015/05/01 v1.6.1 Font defs for Latin Modern
)
LaTeX Font Info:    External font `lmex10' loaded for size
(Font)              <12> on input line 23.
LaTeX Font Info:    External font `lmex10' loaded for size
(Font)              <8> on input line 23.
LaTeX Font Info:    External font `lmex10' loaded for size
(Font)              <6> on input line 23.

(C:\Users\Ivan\Documents\Fac\L3\semestre-6-info\HAI605I-Donnees-multimedia\TP-P
uech\TP2\out\compte_rendu.toc
LaTeX Font Info:    External font `lmex10' loaded for size
(Font)              <10> on input line 3.
LaTeX Font Info:    External font `lmex10' loaded for size
(Font)              <7> on input line 3.
LaTeX Font Info:    External font `lmex10' loaded for size
(Font)              <5> on input line 3.
)
\tf@toc=\write4
\openout4 = `compte_rendu.toc'.

 [1

{C:/Users/Ivan/AppData/Local/MiKTeX/fonts/map/pdftex/pdftex.map}{C:/Users/Ivan/
AppData/Local/Programs/MiKTeX/fonts/enc/dvips/lm/lm-ec.enc}]
LaTeX Font Info:    Trying to load font information for T1+lmtt on input line 3
2.

(C:\Users\Ivan\AppData\Local\Programs\MiKTeX\tex/latex/lm\t1lmtt.fd
File: t1lmtt.fd 2015/05/01 v1.6.1 Font defs for Latin Modern
)
<./out/orig-08.jpeg, id=124, 513.92pt x 513.92pt>
File: ./out/orig-08.jpeg Graphic file (type jpg)
<use ./out/orig-08.jpeg>
Package pdftex.def Info: ./out/orig-08.jpeg  used on input line 39.
(pdftex.def)             Requested size: 143.39998pt x 143.40257pt.
<./out/resize-08.jpeg, id=125, 256.96pt x 256.96pt>
File: ./out/resize-08.jpeg Graphic file (type jpg)
<use ./out/resize-08.jpeg>
Package pdftex.def Info: ./out/resize-08.jpeg  used on input line 44.
(pdftex.def)             Requested size: 143.39998pt x 143.40257pt.
File: ./out/resize-08.jpeg Graphic file (type jpg)
<use ./out/resize-08.jpeg>
Package pdftex.def Info: ./out/resize-08.jpeg  used on input line 58.
(pdftex.def)             Requested size: 143.39998pt x 143.40257pt.
<./out/test-grey-resize-08.jpeg, id=126, 256.96pt x 256.96pt>
File: ./out/test-grey-resize-08.jpeg Graphic file (type jpg)
<use ./out/test-grey-resize-08.jpeg>
Package pdftex.def Info: ./out/test-grey-resize-08.jpeg  used on input line 63.

(pdftex.def)             Requested size: 143.39998pt x 143.40257pt.
 [2 <./out/orig-08.jpeg> <./out/resize-08.jpeg> <./out/test-grey-resize-08.jpeg
>]
<./out/erosion-code.png, id=138, 428.35031pt x 398.23781pt>
File: ./out/erosion-code.png Graphic file (type png)
<use ./out/erosion-code.png>
Package pdftex.def Info: ./out/erosion-code.png  used on input line 77.
(pdftex.def)             Requested size: 298.75264pt x 277.74977pt.
File: ./out/test-grey-resize-08.jpeg Graphic file (type jpg)
<use ./out/test-grey-resize-08.jpeg>
Package pdftex.def Info: ./out/test-grey-resize-08.jpeg  used on input line 87.

(pdftex.def)             Requested size: 143.39998pt x 143.40257pt.
<./out/erosion-resize-08.jpeg, id=140, 256.96pt x 256.96pt>
File: ./out/erosion-resize-08.jpeg Graphic file (type jpg)
<use ./out/erosion-resize-08.jpeg>
Package pdftex.def Info: ./out/erosion-resize-08.jpeg  used on input line 92.
(pdftex.def)             Requested size: 143.39998pt x 143.40257pt.
 [3 <./out/erosion-code.png> <./out/erosion-resize-08.jpeg>]
<./out/dilatation-code.png, id=149, 426.09187pt x 396.7322pt>
File: ./out/dilatation-code.png Graphic file (type png)
<use ./out/dilatation-code.png>
Package pdftex.def Info: ./out/dilatation-code.png  used on input line 108.
(pdftex.def)             Requested size: 298.75264pt x 278.18282pt.
File: ./out/test-grey-resize-08.jpeg Graphic file (type jpg)
<use ./out/test-grey-resize-08.jpeg>
Package pdftex.def Info: ./out/test-grey-resize-08.jpeg  used on input line 118
.
(pdftex.def)             Requested size: 143.39998pt x 143.40257pt.
<./out/dilatation-resize-08.jpeg, id=150, 256.96pt x 256.96pt>
File: ./out/dilatation-resize-08.jpeg Graphic file (type jpg)
<use ./out/dilatation-resize-08.jpeg>
Package pdftex.def Info: ./out/dilatation-resize-08.jpeg  used on input line 12
3.
(pdftex.def)             Requested size: 143.39998pt x 143.40257pt.
 [4 <./out/dilatation-code.png> <./out/dilatation-resize-08.jpeg>]
<./out/fermeture-code.png, id=159, 405.01312pt x 268.75406pt>
File: ./out/fermeture-code.png Graphic file (type png)
<use ./out/fermeture-code.png>
Package pdftex.def Info: ./out/fermeture-code.png  used on input line 140.
(pdftex.def)             Requested size: 298.75264pt x 198.24745pt.
File: ./out/test-grey-resize-08.jpeg Graphic file (type jpg)
<use ./out/test-grey-resize-08.jpeg>
Package pdftex.def Info: ./out/test-grey-resize-08.jpeg  used on input line 155
.
(pdftex.def)             Requested size: 143.39998pt x 143.40257pt.
<./out/fermeture-resize-08.jpeg, id=160, 256.96pt x 256.96pt>
File: ./out/fermeture-resize-08.jpeg Graphic file (type jpg)
<use ./out/fermeture-resize-08.jpeg>
Package pdftex.def Info: ./out/fermeture-resize-08.jpeg  used on input line 160
.
(pdftex.def)             Requested size: 143.39998pt x 143.40257pt.
 [5 <./out/fermeture-code.png> <./out/fermeture-resize-08.jpeg>]
<./out/ouverture-code.png, id=169, 385.44pt x 264.23718pt>
File: ./out/ouverture-code.png Graphic file (type png)
<use ./out/ouverture-code.png>
Package pdftex.def Info: ./out/ouverture-code.png  used on input line 175.
(pdftex.def)             Requested size: 298.75264pt x 204.80588pt.
File: ./out/test-grey-resize-08.jpeg Graphic file (type jpg)
<use ./out/test-grey-resize-08.jpeg>
Package pdftex.def Info: ./out/test-grey-resize-08.jpeg  used on input line 185
.
(pdftex.def)             Requested size: 143.39998pt x 143.40257pt.
<./out/ouverture-resize-08.jpeg, id=170, 256.96pt x 256.96pt>
File: ./out/ouverture-resize-08.jpeg Graphic file (type jpg)
<use ./out/ouverture-resize-08.jpeg>
Package pdftex.def Info: ./out/ouverture-resize-08.jpeg  used on input line 190
.
(pdftex.def)             Requested size: 143.39998pt x 143.40257pt.
 [6 <./out/ouverture-code.png> <./out/ouverture-resize-08.jpeg>]
File: ./out/test-grey-resize-08.jpeg Graphic file (type jpg)
<use ./out/test-grey-resize-08.jpeg>
Package pdftex.def Info: ./out/test-grey-resize-08.jpeg  used on input line 204
.
(pdftex.def)             Requested size: 89.6267pt x 89.6276pt.
File: ./out/fermeture-resize-08.jpeg Graphic file (type jpg)
<use ./out/fermeture-resize-08.jpeg>
Package pdftex.def Info: ./out/fermeture-resize-08.jpeg  used on input line 209
.
(pdftex.def)             Requested size: 89.6267pt x 89.6276pt.
<./out/ouverture-fermeture-resize-08.jpeg, id=179, 256.96pt x 256.96pt>
File: ./out/ouverture-fermeture-resize-08.jpeg Graphic file (type jpg)
<use ./out/ouverture-fermeture-resize-08.jpeg>
Package pdftex.def Info: ./out/ouverture-fermeture-resize-08.jpeg  used on inpu
t line 214.
(pdftex.def)             Requested size: 89.6267pt x 89.6276pt.
File: ./out/test-grey-resize-08.jpeg Graphic file (type jpg)
<use ./out/test-grey-resize-08.jpeg>
Package pdftex.def Info: ./out/test-grey-resize-08.jpeg  used on input line 229
.
(pdftex.def)             Requested size: 143.39998pt x 143.40257pt.
<./out/edil3-resize-08.jpeg, id=180, 256.96pt x 256.96pt>
File: ./out/edil3-resize-08.jpeg Graphic file (type jpg)
<use ./out/edil3-resize-08.jpeg>
Package pdftex.def Info: ./out/edil3-resize-08.jpeg  used on input line 234.
(pdftex.def)             Requested size: 143.39998pt x 143.40257pt.
 [7 <./out/ouverture-fermeture-resize-08.jpeg> <./out/edil3-resize-08.jpeg>]
<./out/difference-code.png, id=191, 522.45187pt x 383.18156pt>
File: ./out/difference-code.png Graphic file (type png)
<use ./out/difference-code.png>
Package pdftex.def Info: ./out/difference-code.png  used on input line 251.
(pdftex.def)             Requested size: 298.75264pt x 219.11737pt.
File: ./out/test-grey-resize-08.jpeg Graphic file (type jpg)
<use ./out/test-grey-resize-08.jpeg>
Package pdftex.def Info: ./out/test-grey-resize-08.jpeg  used on input line 261
.
(pdftex.def)             Requested size: 143.39998pt x 143.40257pt.
<./out/difference-tg-dil-resize-08.jpeg, id=192, 256.96pt x 256.96pt>
File: ./out/difference-tg-dil-resize-08.jpeg Graphic file (type jpg)
<use ./out/difference-tg-dil-resize-08.jpeg>
Package pdftex.def Info: ./out/difference-tg-dil-resize-08.jpeg  used on input 
line 266.
(pdftex.def)             Requested size: 143.39998pt x 143.40257pt.
 [8 <./out/difference-code.png> <./out/difference-tg-dil-resize-08.jpeg>]
<./out/erosion-grey-code.png, id=201, 370.38374pt x 347.79938pt>
File: ./out/erosion-grey-code.png Graphic file (type png)
<use ./out/erosion-grey-code.png>
Package pdftex.def Info: ./out/erosion-grey-code.png  used on input line 283.
(pdftex.def)             Requested size: 272.71764pt x 256.07741pt.
File: ./out/orig-08.jpeg Graphic file (type jpg)
<use ./out/orig-08.jpeg>
Package pdftex.def Info: ./out/orig-08.jpeg  used on input line 293.
(pdftex.def)             Requested size: 143.39998pt x 143.40257pt.
<./out/erosion-grey-08.jpeg, id=202, 513.92pt x 513.92pt>
File: ./out/erosion-grey-08.jpeg Graphic file (type jpg)
<use ./out/erosion-grey-08.jpeg>
Package pdftex.def Info: ./out/erosion-grey-08.jpeg  used on input line 298.
(pdftex.def)             Requested size: 143.39998pt x 143.40257pt.

[9 <./out/erosion-grey-code.png> <./out/erosion-grey-08.jpeg>]
<./out/dilatation-grey-code.png, id=211, 369.63094pt x 365.11406pt>
File: ./out/dilatation-grey-code.png Graphic file (type png)
<use ./out/dilatation-grey-code.png>
Package pdftex.def Info: ./out/dilatation-grey-code.png  used on input line 313
.
(pdftex.def)             Requested size: 298.75264pt x 295.10565pt.
File: ./out/orig-08.jpeg Graphic file (type jpg)
<use ./out/orig-08.jpeg>
Package pdftex.def Info: ./out/orig-08.jpeg  used on input line 323.
(pdftex.def)             Requested size: 143.39998pt x 143.40257pt.
<./out/dilatation-grey-08.jpeg, id=212, 513.92pt x 513.92pt>
File: ./out/dilatation-grey-08.jpeg Graphic file (type jpg)
<use ./out/dilatation-grey-08.jpeg>
Package pdftex.def Info: ./out/dilatation-grey-08.jpeg  used on input line 328.

(pdftex.def)             Requested size: 143.39998pt x 143.40257pt.
 [10 <./out/dilatation-grey-code.png> <./out/dilatation-grey-08.jpeg>]
<./out/fermeture-grey-code.png, id=221, 432.86719pt x 264.23718pt>
File: ./out/fermeture-grey-code.png Graphic file (type png)
<use ./out/fermeture-grey-code.png>
Package pdftex.def Info: ./out/fermeture-grey-code.png  used on input line 344.

(pdftex.def)             Requested size: 298.75264pt x 182.37625pt.
File: ./out/orig-08.jpeg Graphic file (type jpg)
<use ./out/orig-08.jpeg>
Package pdftex.def Info: ./out/orig-08.jpeg  used on input line 354.
(pdftex.def)             Requested size: 143.39998pt x 143.40257pt.
<./out/fermeture-grey-08.jpeg, id=222, 513.92pt x 513.92pt>
File: ./out/fermeture-grey-08.jpeg Graphic file (type jpg)
<use ./out/fermeture-grey-08.jpeg>
Package pdftex.def Info: ./out/fermeture-grey-08.jpeg  used on input line 359.
(pdftex.def)             Requested size: 143.39998pt x 143.40257pt.
 [11 <./out/fermeture-grey-code.png> <./out/fermeture-grey-08.jpeg>]
<./out/ouverture-grey-code.png, id=231, 416.30531pt x 264.99pt>
File: ./out/ouverture-grey-code.png Graphic file (type png)
<use ./out/ouverture-grey-code.png>
Package pdftex.def Info: ./out/ouverture-grey-code.png  used on input line 375.

(pdftex.def)             Requested size: 298.75264pt x 190.17401pt.
File: ./out/orig-08.jpeg Graphic file (type jpg)
<use ./out/orig-08.jpeg>
Package pdftex.def Info: ./out/orig-08.jpeg  used on input line 385.
(pdftex.def)             Requested size: 143.39998pt x 143.40257pt.
<./out/ouverture-grey-08.jpeg, id=232, 513.92pt x 513.92pt>
File: ./out/ouverture-grey-08.jpeg Graphic file (type jpg)
<use ./out/ouverture-grey-08.jpeg>
Package pdftex.def Info: ./out/ouverture-grey-08.jpeg  used on input line 390.
(pdftex.def)             Requested size: 143.39998pt x 143.40257pt.
File: ./out/orig-08.jpeg Graphic file (type jpg)
<use ./out/orig-08.jpeg>
Package pdftex.def Info: ./out/orig-08.jpeg  used on input line 403.
(pdftex.def)             Requested size: 89.6267pt x 89.62367pt.
File: ./out/fermeture-grey-08.jpeg Graphic file (type jpg)
<use ./out/fermeture-grey-08.jpeg>
Package pdftex.def Info: ./out/fermeture-grey-08.jpeg  used on input line 408.
(pdftex.def)             Requested size: 89.6267pt x 89.62367pt.
<./out/ouverture-fermeture-grey-08.jpeg, id=233, 513.92pt x 513.92pt>
File: ./out/ouverture-fermeture-grey-08.jpeg Graphic file (type jpg)
<use ./out/ouverture-fermeture-grey-08.jpeg>
Package pdftex.def Info: ./out/ouverture-fermeture-grey-08.jpeg  used on input 
line 413.
(pdftex.def)             Requested size: 89.6267pt x 89.62367pt.
 [12 <./out/ouverture-grey-code.png> <./out/ouverture-grey-08.jpeg>]
File: ./out/orig-08.jpeg Graphic file (type jpg)
<use ./out/orig-08.jpeg>
Package pdftex.def Info: ./out/orig-08.jpeg  used on input line 429.
(pdftex.def)             Requested size: 143.39998pt x 143.40257pt.
<./out/edil3-erod6-08.jpeg, id=242, 513.92pt x 513.92pt>
File: ./out/edil3-erod6-08.jpeg Graphic file (type jpg)
<use ./out/edil3-erod6-08.jpeg>
Package pdftex.def Info: ./out/edil3-erod6-08.jpeg  used on input line 434.
(pdftex.def)             Requested size: 143.39998pt x 143.40257pt.
 [13 <./out/ouverture-fermeture-grey-08.jpeg> <./out/edil3-erod6-08.jpeg>]
File: ./out/orig-08.jpeg Graphic file (type jpg)
<use ./out/orig-08.jpeg>
Package pdftex.def Info: ./out/orig-08.jpeg  used on input line 452.
(pdftex.def)             Requested size: 102.429pt x 102.42929pt.
<./out/difference-grey-08.jpeg, id=253, 513.92pt x 513.92pt>
File: ./out/difference-grey-08.jpeg Graphic file (type jpg)
<use ./out/difference-grey-08.jpeg>
Package pdftex.def Info: ./out/difference-grey-08.jpeg  used on input line 457.

(pdftex.def)             Requested size: 102.429pt x 102.42929pt.
<./out/difference-grey-seuil-code.png, id=254, 429.10312pt x 247.67531pt>
File: ./out/difference-grey-seuil-code.png Graphic file (type png)
<use ./out/difference-grey-seuil-code.png>
Package pdftex.def Info: ./out/difference-grey-seuil-code.png  used on input li
ne 470.
(pdftex.def)             Requested size: 213.39568pt x 123.1722pt.
File: ./out/orig-08.jpeg Graphic file (type jpg)
<use ./out/orig-08.jpeg>
Package pdftex.def Info: ./out/orig-08.jpeg  used on input line 480.
(pdftex.def)             Requested size: 75.11597pt x 75.11638pt.
<./out/difference-grey-08-10.jpeg, id=255, 513.92pt x 513.92pt>
File: ./out/difference-grey-08-10.jpeg Graphic file (type jpg)
<use ./out/difference-grey-08-10.jpeg>
Package pdftex.def Info: ./out/difference-grey-08-10.jpeg  used on input line 4
85.
(pdftex.def)             Requested size: 75.11597pt x 75.11638pt.
<./out/difference-grey-08-20.jpeg, id=256, 513.92pt x 513.92pt>
File: ./out/difference-grey-08-20.jpeg Graphic file (type jpg)
<use ./out/difference-grey-08-20.jpeg>
Package pdftex.def Info: ./out/difference-grey-08-20.jpeg  used on input line 4
90.
(pdftex.def)             Requested size: 75.11597pt x 75.11638pt.
<./out/difference-grey-08-30.jpeg, id=257, 513.92pt x 513.92pt>
File: ./out/difference-grey-08-30.jpeg Graphic file (type jpg)
<use ./out/difference-grey-08-30.jpeg>
Package pdftex.def Info: ./out/difference-grey-08-30.jpeg  used on input line 4
95.
(pdftex.def)             Requested size: 75.11597pt x 75.11638pt.
 [14 <./out/difference-grey-08.jpeg> <./out/difference-grey-seuil-code.png> <./
out/difference-grey-08-10.jpeg> <./out/difference-grey-08-20.jpeg> <./out/diffe
rence-grey-08-30.jpeg>] [15]
(C:\Users\Ivan\Documents\Fac\L3\semestre-6-info\HAI605I-Donnees-multimedia\TP-P
uech\TP2\out\compte_rendu.aux)
 ***********
LaTeX2e <2023-11-01> patch level 1
L3 programming layer <2024-01-22>
 ***********
Package rerunfilecheck Info: File `compte_rendu.out' has not changed.
(rerunfilecheck)             Checksum: 9B8A5DDE35FF50458EFCC0F126CEEBAE;5623.
 ) 
Here is how much of TeX's memory you used:
 12076 strings out of 474542
 202395 string characters out of 5744919
 1937978 words of memory out of 5000000
 34066 multiletter control sequences out of 15000+600000
 609014 words of font info for 66 fonts, out of 8000000 for 9000
 1141 hyphenation exceptions out of 8191
 75i,10n,79p,490b,453s stack positions out of 10000i,1000n,20000p,200000b,200000s
<C:/Users/Ivan/AppData/Local/Programs/MiKTeX/fonts/type1/public/lm/lmbx10.pfb
><C:/Users/Ivan/AppData/Local/Programs/MiKTeX/fonts/type1/public/lm/lmbx12.pfb>
<C:/Users/Ivan/AppData/Local/Programs/MiKTeX/fonts/type1/public/lm/lmcsc10.pfb>
<C:/Users/Ivan/AppData/Local/Programs/MiKTeX/fonts/type1/public/lm/lmr10.pfb><C
:/Users/Ivan/AppData/Local/Programs/MiKTeX/fonts/type1/public/lm/lmr12.pfb><C:/
Users/Ivan/AppData/Local/Programs/MiKTeX/fonts/type1/public/lm/lmr17.pfb><C:/Us
ers/Ivan/AppData/Local/Programs/MiKTeX/fonts/type1/public/lm/lmri10.pfb><C:/Use
rs/Ivan/AppData/Local/Programs/MiKTeX/fonts/type1/public/lm/lmtt10.pfb>
Output written on C:\Users\Ivan\Documents\Fac\L3\semestre-6-info\HAI605I-Donnee
s-multimedia\TP-Puech\TP2\out\compte_rendu.pdf (15 pages, 1303360 bytes).
PDF statistics:
 330 PDF objects out of 1000 (max. 8388607)
 87 named destinations out of 1000 (max. 500000)
 327 words of extra memory for PDF output out of 10000 (max. 10000000)

