\BOOKMARK [1][-]{section.1}{\376\377\000S\000e\000u\000i\000l\000l\000a\000g\000e\000\040\000d\000'\000u\000n\000e\000\040\000i\000m\000a\000g\000e\000\040\000e\000t\000\040\000e\000r\000o\000s\000i\000o\000n\000\040\000d\000e\000\040\000l\000'\000i\000m\000a\000g\000e\000\040\000b\000i\000n\000a\000i\000r\000e}{}% 1
\BOOKMARK [2][-]{subsection.1.1}{\376\377\000C\000h\000o\000i\000x\000\040\000d\000e\000\040\000l\000'\000i\000m\000a\000g\000e}{section.1}% 2
\BOOKMARK [2][-]{subsection.1.2}{\376\377\000S\000e\000u\000i\000l\000l\000a\000g\000e\000\040\000d\000e\000\040\000l\000'\000i\000m\000a\000g\000e}{section.1}% 3
\BOOKMARK [2][-]{subsection.1.3}{\376\377\000E\000r\000o\000s\000i\000o\000n\000\040\000d\000e\000\040\000l\000'\000i\000m\000a\000g\000e\000\040\000b\000i\000n\000a\000i\000r\000e}{section.1}% 4
\BOOKMARK [1][-]{section.2}{\376\377\000S\000e\000u\000i\000l\000l\000a\000g\000e\000\040\000d\000'\000u\000n\000e\000\040\000i\000m\000a\000g\000e\000\040\000e\000t\000\040\000d\000i\000l\000a\000t\000a\000t\000i\000o\000n\000\040\000d\000e\000\040\000l\000'\000i\000m\000a\000g\000e\000\040\000b\000i\000n\000a\000i\000r\000e}{}% 5
\BOOKMARK [2][-]{subsection.2.1}{\376\377\000D\000i\000l\000a\000t\000a\000t\000i\000o\000n\000\040\000d\000e\000\040\000l\000'\000i\000m\000a\000g\000e\000\040\000b\000i\000n\000a\000i\000r\000e}{section.2}% 6
\BOOKMARK [1][-]{section.3}{\376\377\000F\000e\000r\000m\000e\000t\000u\000r\000e\000\040\000e\000t\000\040\000o\000u\000v\000e\000r\000t\000u\000r\000e\000\040\000d\000'\000u\000n\000e\000\040\000i\000m\000a\000g\000e\000\040\000e\000t\000\040\000d\000e\000\040\000l\000'\000i\000m\000a\000g\000e\000\040\000b\000i\000n\000a\000i\000r\000e}{}% 7
\BOOKMARK [2][-]{subsection.3.1}{\376\377\000F\000e\000r\000m\000e\000t\000u\000r\000e\000\040\000d\000e\000\040\000l\000'\000i\000m\000a\000g\000e\000\040\000b\000i\000n\000a\000i\000r\000e}{section.3}% 8
\BOOKMARK [2][-]{subsection.3.2}{\376\377\000O\000u\000v\000e\000r\000t\000u\000r\000e\000\040\000d\000e\000\040\000l\000'\000i\000m\000a\000g\000e\000\040\000b\000i\000n\000a\000i\000r\000e}{section.3}% 9
\BOOKMARK [2][-]{subsection.3.3}{\376\377\000E\000n\000c\000h\000a\000i\000n\000e\000m\000e\000n\000t\000\040\000d\000e\000\040\000f\000e\000r\000m\000e\000t\000u\000r\000e\000\040\000e\000t\000\040\000o\000u\000v\000e\000r\000t\000u\000r\000e}{section.3}% 10
\BOOKMARK [2][-]{subsection.3.4}{\376\377\000I\000m\000p\000a\000c\000t\000\040\000c\000u\000m\000u\000l\000a\000t\000i\000f\000\040\000d\000e\000\040\000l\000a\000\040\000f\000e\000r\000m\000e\000t\000u\000r\000e\000\040\000e\000t\000\040\000d\000e\000\040\000l\000'\000o\000u\000v\000e\000r\000t\000u\000r\000e}{section.3}% 11
\BOOKMARK [1][-]{section.4}{\376\377\000S\000e\000g\000m\000e\000n\000t\000a\000t\000i\000o\000n\000\040\000d\000'\000u\000n\000e\000\040\000i\000m\000a\000g\000e}{}% 12
\BOOKMARK [2][-]{subsection.4.1}{\376\377\000D\000e\000t\000e\000c\000t\000i\000o\000n\000\040\000d\000e\000\040\000c\000o\000n\000t\000o\000u\000r\000s}{section.4}% 13
\BOOKMARK [1][-]{section.5}{\376\377\000B\000o\000n\000u\000s\000\040\000:\000\040\000e\000x\000t\000e\000n\000s\000i\000o\000n\000\040\000a\000u\000x\000\040\000i\000m\000a\000g\000e\000s\000\040\000e\000n\000\040\000n\000i\000v\000e\000a\000u\000x\000\040\000d\000e\000\040\000g\000r\000i\000s}{}% 14
\BOOKMARK [2][-]{subsection.5.1}{\376\377\000E\000r\000o\000s\000i\000o\000n\000\040\000d\000e\000\040\000l\000'\000i\000m\000a\000g\000e\000\040\000e\000n\000\040\000n\000i\000v\000e\000a\000u\000x\000\040\000d\000e\000\040\000g\000r\000i\000s}{section.5}% 15
\BOOKMARK [2][-]{subsection.5.2}{\376\377\000D\000i\000l\000a\000t\000a\000t\000i\000o\000n\000\040\000d\000e\000\040\000l\000'\000i\000m\000a\000g\000e\000\040\000e\000n\000\040\000n\000i\000v\000e\000a\000u\000x\000\040\000d\000e\000\040\000g\000r\000i\000s}{section.5}% 16
\BOOKMARK [2][-]{subsection.5.3}{\376\377\000F\000e\000r\000m\000e\000t\000u\000r\000e\000\040\000d\000e\000\040\000l\000'\000i\000m\000a\000g\000e\000\040\000e\000n\000\040\000n\000i\000v\000e\000a\000u\000x\000\040\000d\000e\000\040\000g\000r\000i\000s}{section.5}% 17
\BOOKMARK [2][-]{subsection.5.4}{\376\377\000O\000u\000v\000e\000r\000t\000u\000r\000e\000\040\000d\000e\000\040\000l\000'\000i\000m\000a\000g\000e\000\040\000e\000n\000\040\000n\000i\000v\000e\000a\000u\000x\000\040\000d\000e\000\040\000g\000r\000i\000s}{section.5}% 18
\BOOKMARK [2][-]{subsection.5.5}{\376\377\000E\000n\000c\000h\000a\000i\000n\000e\000m\000e\000n\000t\000\040\000d\000e\000\040\000f\000e\000r\000m\000e\000t\000u\000r\000e\000\040\000e\000t\000\040\000o\000u\000v\000e\000r\000t\000u\000r\000e\000\040\000e\000n\000\040\000n\000i\000v\000e\000a\000u\000x\000\040\000d\000e\000\040\000g\000r\000i\000s}{section.5}% 19
\BOOKMARK [2][-]{subsection.5.6}{\376\377\000I\000m\000p\000a\000c\000t\000\040\000c\000u\000m\000u\000l\000a\000t\000i\000f\000\040\000d\000e\000\040\000l\000a\000\040\000f\000e\000r\000m\000e\000t\000u\000r\000e\000\040\000e\000t\000\040\000d\000e\000\040\000l\000'\000o\000u\000v\000e\000r\000t\000u\000r\000e\000\040\000e\000n\000\040\000n\000i\000v\000e\000a\000u\000x\000\040\000d\000e\000\040\000g\000r\000i\000s}{section.5}% 20
\BOOKMARK [2][-]{subsection.5.7}{\376\377\000S\000e\000g\000m\000e\000n\000t\000a\000t\000i\000o\000n\000\040\000d\000'\000u\000n\000e\000\040\000i\000m\000a\000g\000e\000\040\000e\000n\000\040\000n\000i\000v\000e\000a\000u\000x\000\040\000d\000e\000\040\000g\000r\000i\000s}{section.5}% 21
\BOOKMARK [1][-]{section.6}{\376\377\000C\000o\000n\000c\000l\000u\000s\000i\000o\000n}{}% 22
