This is pdfTeX, Version 3.141592653-2.6-1.40.25 (MiKTeX 24.1) (preloaded format=pdflatex 2024.2.7)  8 FEB 2024 09:11
entering extended mode
 restricted \write18 enabled.
 %&-line parsing enabled.
**./compte_rendu.tex
(compte_rendu.tex
LaTeX2e <2023-06-01> patch level 1
L3 programming layer <2023-08-29>
(C:/Users/ileje/AppData/Local/Programs/my_latex\tex/latex/base\article.cls
Document Class: article 2023/05/17 v1.4n Standard LaTeX document class
(C:/Users/ileje/AppData/Local/Programs/my_latex\tex/latex/base\size10.clo
File: size10.clo 2023/05/17 v1.4n Standard LaTeX file (size option)
)
\c@part=\count185
\c@section=\count186
\c@subsection=\count187
\c@subsubsection=\count188
\c@paragraph=\count189
\c@subparagraph=\count190
\c@figure=\count191
\c@table=\count192
\abovecaptionskip=\skip48
\belowcaptionskip=\skip49
\bibindent=\dimen140
)
(C:/Users/ileje/AppData/Local/Programs/my_latex\tex/latex/geometry\geometry.sty
Package: geometry 2020/01/02 v5.9 Page Geometry
(C:/Users/ileje/AppData/Local/Programs/my_latex\tex/latex/graphics\keyval.sty
Package: keyval 2022/05/29 v1.15 key=value parser (DPC)
\KV@toks@=\toks17
)
(C:/Users/ileje/AppData/Local/Programs/my_latex\tex/generic/iftex\ifvtex.sty
Package: ifvtex 2019/10/25 v1.7 ifvtex legacy package. Use iftex instead.

(C:/Users/ileje/AppData/Local/Programs/my_latex\tex/generic/iftex\iftex.sty
Package: iftex 2022/02/03 v1.0f TeX engine tests
))
\Gm@cnth=\count193
\Gm@cntv=\count194
\c@Gm@tempcnt=\count195
\Gm@bindingoffset=\dimen141
\Gm@wd@mp=\dimen142
\Gm@odd@mp=\dimen143
\Gm@even@mp=\dimen144
\Gm@layoutwidth=\dimen145
\Gm@layoutheight=\dimen146
\Gm@layouthoffset=\dimen147
\Gm@layoutvoffset=\dimen148
\Gm@dimlist=\toks18

(C:/Users/ileje/AppData/Local/Programs/my_latex\tex/latex/geometry\geometry.cfg
)) (C:/Users/ileje/AppData/Local/Programs/my_latex\tex/latex/base\fontenc.sty
Package: fontenc 2021/04/29 v2.0v Standard LaTeX package
)
(C:/Users/ileje/AppData/Local/Programs/my_latex\tex/generic/babel\babel.sty
Package: babel 2023/09/29 v3.95 The Babel package
\babel@savecnt=\count196
\U@D=\dimen149
\l@unhyphenated=\language79

(C:/Users/ileje/AppData/Local/Programs/my_latex\tex/generic/babel\txtbabel.def)
\bbl@readstream=\read2
\bbl@dirlevel=\count197
*************************************
* Local config file bblopts.cfg used
*
(C:/Users/ileje/AppData/Local/Programs/my_latex\tex/latex/arabi\bblopts.cfg
File: bblopts.cfg 2005/09/08 v0.1 add Arabic and Farsi to "declared" options of
 babel
)
(C:/Users/ileje/AppData/Local/Programs/my_latex\tex/generic/babel-french\french
.ldf
Language: french 2023/03/08 v3.5q French support from the babel system
Package babel Info: Hyphen rules for 'acadian' set to \l@french
(babel)             (\language22). Reported on input line 91.
Package babel Info: Hyphen rules for 'canadien' set to \l@french
(babel)             (\language22). Reported on input line 92.
\FB@nonchar=\count198
Package babel Info: Making : an active character on input line 395.
Package babel Info: Making ; an active character on input line 396.
Package babel Info: Making ! an active character on input line 397.
Package babel Info: Making ? an active character on input line 398.
\FBguill@level=\count199
\FBold@everypar=\toks19
\FB@Mht=\dimen150
\mc@charclass=\count266
\mc@charfam=\count267
\mc@charslot=\count268
\std@mcc=\count269
\dec@mcc=\count270
\FB@parskip=\dimen151
\listindentFB=\dimen152
\descindentFB=\dimen153
\labelindentFB=\dimen154
\labelwidthFB=\dimen155
\leftmarginFB=\dimen156
\parindentFFN=\dimen157
\FBfnindent=\dimen158
))
(C:/Users/ileje/AppData/Local/Programs/my_latex\tex/generic/babel/locale/fr\bab
el-french.tex
Package babel Info: Importing font and identification data for french
(babel)             from babel-fr.ini. Reported on input line 11.
)
(C:/Users/ileje/AppData/Local/Programs/my_latex\tex/latex/carlisle\scalefnt.sty
) (C:/Users/ileje/AppData/Local/Programs/my_latex\tex/latex/lm\lmodern.sty
Package: lmodern 2015/05/01 v1.6.1 Latin Modern Fonts
LaTeX Font Info:    Overwriting symbol font `operators' in version `normal'
(Font)                  OT1/cmr/m/n --> OT1/lmr/m/n on input line 22.
LaTeX Font Info:    Overwriting symbol font `letters' in version `normal'
(Font)                  OML/cmm/m/it --> OML/lmm/m/it on input line 23.
LaTeX Font Info:    Overwriting symbol font `symbols' in version `normal'
(Font)                  OMS/cmsy/m/n --> OMS/lmsy/m/n on input line 24.
LaTeX Font Info:    Overwriting symbol font `largesymbols' in version `normal'
(Font)                  OMX/cmex/m/n --> OMX/lmex/m/n on input line 25.
LaTeX Font Info:    Overwriting symbol font `operators' in version `bold'
(Font)                  OT1/cmr/bx/n --> OT1/lmr/bx/n on input line 26.
LaTeX Font Info:    Overwriting symbol font `letters' in version `bold'
(Font)                  OML/cmm/b/it --> OML/lmm/b/it on input line 27.
LaTeX Font Info:    Overwriting symbol font `symbols' in version `bold'
(Font)                  OMS/cmsy/b/n --> OMS/lmsy/b/n on input line 28.
LaTeX Font Info:    Overwriting symbol font `largesymbols' in version `bold'
(Font)                  OMX/cmex/m/n --> OMX/lmex/m/n on input line 29.
LaTeX Font Info:    Overwriting math alphabet `\mathbf' in version `normal'
(Font)                  OT1/cmr/bx/n --> OT1/lmr/bx/n on input line 31.
LaTeX Font Info:    Overwriting math alphabet `\mathsf' in version `normal'
(Font)                  OT1/cmss/m/n --> OT1/lmss/m/n on input line 32.
LaTeX Font Info:    Overwriting math alphabet `\mathit' in version `normal'
(Font)                  OT1/cmr/m/it --> OT1/lmr/m/it on input line 33.
LaTeX Font Info:    Overwriting math alphabet `\mathtt' in version `normal'
(Font)                  OT1/cmtt/m/n --> OT1/lmtt/m/n on input line 34.
LaTeX Font Info:    Overwriting math alphabet `\mathbf' in version `bold'
(Font)                  OT1/cmr/bx/n --> OT1/lmr/bx/n on input line 35.
LaTeX Font Info:    Overwriting math alphabet `\mathsf' in version `bold'
(Font)                  OT1/cmss/bx/n --> OT1/lmss/bx/n on input line 36.
LaTeX Font Info:    Overwriting math alphabet `\mathit' in version `bold'
(Font)                  OT1/cmr/bx/it --> OT1/lmr/bx/it on input line 37.
LaTeX Font Info:    Overwriting math alphabet `\mathtt' in version `bold'
(Font)                  OT1/cmtt/m/n --> OT1/lmtt/m/n on input line 38.
)
(C:/Users/ileje/AppData/Local/Programs/my_latex\tex/latex/enumitem\enumitem.sty
Package: enumitem 2019/06/20 v3.9 Customized lists
\labelindent=\skip50
\enit@outerparindent=\dimen159
\enit@toks=\toks20
\enit@inbox=\box51
\enit@count@id=\count271
\enitdp@description=\count272
)
(C:/Users/ileje/AppData/Local/Programs/my_latex\tex/latex/hyperref\hyperref.sty
Package: hyperref 2023-07-08 v7.01b Hypertext links for LaTeX

(C:/Users/ileje/AppData/Local/Programs/my_latex\tex/generic/ltxcmds\ltxcmds.sty
Package: ltxcmds 2020-05-10 v1.25 LaTeX kernel commands for general use (HO)
)
(C:/Users/ileje/AppData/Local/Programs/my_latex\tex/generic/pdftexcmds\pdftexcm
ds.sty
Package: pdftexcmds 2020-06-27 v0.33 Utility functions of pdfTeX for LuaTeX (HO
)

(C:/Users/ileje/AppData/Local/Programs/my_latex\tex/generic/infwarerr\infwarerr
.sty
Package: infwarerr 2019/12/03 v1.5 Providing info/warning/error messages (HO)
)
Package pdftexcmds Info: \pdf@primitive is available.
Package pdftexcmds Info: \pdf@ifprimitive is available.
Package pdftexcmds Info: \pdfdraftmode found.
)
(C:/Users/ileje/AppData/Local/Programs/my_latex\tex/latex/kvsetkeys\kvsetkeys.s
ty
Package: kvsetkeys 2022-10-05 v1.19 Key value parser (HO)
)
(C:/Users/ileje/AppData/Local/Programs/my_latex\tex/generic/kvdefinekeys\kvdefi
nekeys.sty
Package: kvdefinekeys 2019-12-19 v1.6 Define keys (HO)
)
(C:/Users/ileje/AppData/Local/Programs/my_latex\tex/generic/pdfescape\pdfescape
.sty
Package: pdfescape 2019/12/09 v1.15 Implements pdfTeX's escape features (HO)
)
(C:/Users/ileje/AppData/Local/Programs/my_latex\tex/latex/hycolor\hycolor.sty
Package: hycolor 2020-01-27 v1.10 Color options for hyperref/bookmark (HO)
)
(C:/Users/ileje/AppData/Local/Programs/my_latex\tex/latex/letltxmacro\letltxmac
ro.sty
Package: letltxmacro 2019/12/03 v1.6 Let assignment for LaTeX macros (HO)
)
(C:/Users/ileje/AppData/Local/Programs/my_latex\tex/latex/auxhook\auxhook.sty
Package: auxhook 2019-12-17 v1.6 Hooks for auxiliary files (HO)
)
(C:/Users/ileje/AppData/Local/Programs/my_latex\tex/latex/hyperref\nameref.sty
Package: nameref 2023-08-07 v2.53 Cross-referencing by name of section

(C:/Users/ileje/AppData/Local/Programs/my_latex\tex/latex/refcount\refcount.sty
Package: refcount 2019/12/15 v3.6 Data extraction from label references (HO)
)
(C:/Users/ileje/AppData/Local/Programs/my_latex\tex/generic/gettitlestring\gett
itlestring.sty
Package: gettitlestring 2019/12/15 v1.6 Cleanup title references (HO)

(C:/Users/ileje/AppData/Local/Programs/my_latex\tex/latex/kvoptions\kvoptions.s
ty
Package: kvoptions 2022-06-15 v3.15 Key value format for package options (HO)
))
\c@section@level=\count273
)
(C:/Users/ileje/AppData/Local/Programs/my_latex\tex/latex/etoolbox\etoolbox.sty
Package: etoolbox 2020/10/05 v2.5k e-TeX tools for LaTeX (JAW)
\etb@tempcnta=\count274
)
\@linkdim=\dimen160
\Hy@linkcounter=\count275
\Hy@pagecounter=\count276
 (C:/Users/ileje/AppData/Local/Programs/my_latex\tex/latex/hyperref\pd1enc.def
File: pd1enc.def 2023-07-08 v7.01b Hyperref: PDFDocEncoding definition (HO)
Now handling font encoding PD1 ...
... no UTF-8 mapping file for font encoding PD1
)
(C:/Users/ileje/AppData/Local/Programs/my_latex\tex/generic/intcalc\intcalc.sty
Package: intcalc 2019/12/15 v1.3 Expandable calculations with integers (HO)
)
\Hy@SavedSpaceFactor=\count277
 (C:/Users/ileje/AppData/Local/Programs/my_latex\tex/latex/hyperref\puenc.def
File: puenc.def 2023-07-08 v7.01b Hyperref: PDF Unicode definition (HO)
Now handling font encoding PU ...
... no UTF-8 mapping file for font encoding PU
)
Package hyperref Info: Hyper figures OFF on input line 4167.
Package hyperref Info: Link nesting OFF on input line 4172.
Package hyperref Info: Hyper index ON on input line 4175.
Package hyperref Info: Plain pages OFF on input line 4182.
Package hyperref Info: Backreferencing OFF on input line 4187.
Package hyperref Info: Implicit mode ON; LaTeX internals redefined.
Package hyperref Info: Bookmarks ON on input line 4434.
\c@Hy@tempcnt=\count278
(C:/Users/ileje/AppData/Local/Programs/my_latex\tex/latex/url\url.sty
\Urlmuskip=\muskip16
Package: url 2013/09/16  ver 3.4  Verb mode for urls, etc.
)
LaTeX Info: Redefining \url on input line 4772.
\XeTeXLinkMargin=\dimen161

(C:/Users/ileje/AppData/Local/Programs/my_latex\tex/generic/bitset\bitset.sty
Package: bitset 2019/12/09 v1.3 Handle bit-vector datatype (HO)

(C:/Users/ileje/AppData/Local/Programs/my_latex\tex/generic/bigintcalc\bigintca
lc.sty
Package: bigintcalc 2019/12/15 v1.5 Expandable calculations on big integers (HO
)
))
\Fld@menulength=\count279
\Field@Width=\dimen162
\Fld@charsize=\dimen163
Package hyperref Info: Hyper figures OFF on input line 6051.
Package hyperref Info: Link nesting OFF on input line 6056.
Package hyperref Info: Hyper index ON on input line 6059.
Package hyperref Info: backreferencing OFF on input line 6066.
Package hyperref Info: Link coloring OFF on input line 6071.
Package hyperref Info: Link coloring with OCG OFF on input line 6076.
Package hyperref Info: PDF/A mode OFF on input line 6081.

(C:/Users/ileje/AppData/Local/Programs/my_latex\tex/latex/base\atbegshi-ltx.sty
Package: atbegshi-ltx 2021/01/10 v1.0c Emulation of the original atbegshi
package with kernel methods
)
\Hy@abspage=\count280
\c@Item=\count281
\c@Hfootnote=\count282
)
Package hyperref Info: Driver (autodetected): hpdftex.

(C:/Users/ileje/AppData/Local/Programs/my_latex\tex/latex/hyperref\hpdftex.def
File: hpdftex.def 2023-07-08 v7.01b Hyperref driver for pdfTeX

(C:/Users/ileje/AppData/Local/Programs/my_latex\tex/latex/base\atveryend-ltx.st
y
Package: atveryend-ltx 2020/08/19 v1.0a Emulation of the original atveryend pac
kage
with kernel methods
)
\Fld@listcount=\count283
\c@bookmark@seq@number=\count284

(C:/Users/ileje/AppData/Local/Programs/my_latex\tex/latex/rerunfilecheck\rerunf
ilecheck.sty
Package: rerunfilecheck 2022-07-10 v1.10 Rerun checks for auxiliary files (HO)

(C:/Users/ileje/AppData/Local/Programs/my_latex\tex/generic/uniquecounter\uniqu
ecounter.sty
Package: uniquecounter 2019/12/15 v1.4 Provide unlimited unique counter (HO)
)
Package uniquecounter Info: New unique counter `rerunfilecheck' on input line 2
85.
)
\Hy@SectionHShift=\skip51
)
(C:/Users/ileje/AppData/Local/Programs/my_latex\tex/latex/graphics\graphicx.sty
Package: graphicx 2021/09/16 v1.2d Enhanced LaTeX Graphics (DPC,SPQR)

(C:/Users/ileje/AppData/Local/Programs/my_latex\tex/latex/graphics\graphics.sty
Package: graphics 2022/03/10 v1.4e Standard LaTeX Graphics (DPC,SPQR)
(C:/Users/ileje/AppData/Local/Programs/my_latex\tex/latex/graphics\trig.sty
Package: trig 2021/08/11 v1.11 sin cos tan (DPC)
)
(C:/Users/ileje/AppData/Local/Programs/my_latex\tex/latex/graphics-cfg\graphics
.cfg
File: graphics.cfg 2016/06/04 v1.11 sample graphics configuration
)
Package graphics Info: Driver file: pdftex.def on input line 107.

(C:/Users/ileje/AppData/Local/Programs/my_latex\tex/latex/graphics-def\pdftex.d
ef
File: pdftex.def 2022/09/22 v1.2b Graphics/color driver for pdftex
))
\Gin@req@height=\dimen164
\Gin@req@width=\dimen165
)
(C:/Users/ileje/AppData/Local/Programs/my_latex\tex/latex/sectsty\sectsty.sty
Package: sectsty 2002/02/25 v2.0.2 Commands to change all sectional heading sty
les


LaTeX Warning: Command \underbar  has changed.
               Check if current package is valid.


LaTeX Warning: Command \underline  has changed.
               Check if current package is valid.

)
LaTeX Font Info:    Trying to load font information for T1+lmr on input line 20
.
 (C:/Users/ileje/AppData/Local/Programs/my_latex\tex/latex/lm\t1lmr.fd
File: t1lmr.fd 2015/05/01 v1.6.1 Font defs for Latin Modern
)
(C:/Users/ileje/AppData/Local/Programs/my_latex\tex/latex/l3backend\l3backend-p
dftex.def
File: l3backend-pdftex.def 2023-04-19 L3 backend support: PDF output (pdfTeX)
\l__color_backend_stack_int=\count285
\l__pdf_internal_box=\box52
)
(C:\Users\ileje\Documents\L3\semestre-6-info\HAI605I-Donnees-multimedia\TP-Puec
h\TP1\out\compte_rendu.aux)
\openout1 = `compte_rendu.aux'.

LaTeX Font Info:    Checking defaults for OML/cmm/m/it on input line 20.
LaTeX Font Info:    ... okay on input line 20.
LaTeX Font Info:    Checking defaults for OMS/cmsy/m/n on input line 20.
LaTeX Font Info:    ... okay on input line 20.
LaTeX Font Info:    Checking defaults for OT1/cmr/m/n on input line 20.
LaTeX Font Info:    ... okay on input line 20.
LaTeX Font Info:    Checking defaults for T1/cmr/m/n on input line 20.
LaTeX Font Info:    ... okay on input line 20.
LaTeX Font Info:    Checking defaults for TS1/cmr/m/n on input line 20.
LaTeX Font Info:    ... okay on input line 20.
LaTeX Font Info:    Checking defaults for OMX/cmex/m/n on input line 20.
LaTeX Font Info:    ... okay on input line 20.
LaTeX Font Info:    Checking defaults for U/cmr/m/n on input line 20.
LaTeX Font Info:    ... okay on input line 20.
LaTeX Font Info:    Checking defaults for PD1/pdf/m/n on input line 20.
LaTeX Font Info:    ... okay on input line 20.
LaTeX Font Info:    Checking defaults for PU/pdf/m/n on input line 20.
LaTeX Font Info:    ... okay on input line 20.

*geometry* driver: auto-detecting
*geometry* detected driver: pdftex
*geometry* verbose mode - [ preamble ] result:
* driver: pdftex
* paper: a4paper
* layout: <same size as paper>
* layoutoffset:(h,v)=(0.0pt,0.0pt)
* modes: 
* h-part:(L,W,R)=(85.35826pt, 426.79135pt, 85.35826pt)
* v-part:(T,H,B)=(85.35826pt, 674.33032pt, 85.35826pt)
* \paperwidth=597.50787pt
* \paperheight=845.04684pt
* \textwidth=426.79135pt
* \textheight=674.33032pt
* \oddsidemargin=13.08827pt
* \evensidemargin=13.08827pt
* \topmargin=-23.91173pt
* \headheight=12.0pt
* \headsep=25.0pt
* \topskip=10.0pt
* \footskip=30.0pt
* \marginparwidth=57.0pt
* \marginparsep=11.0pt
* \columnsep=10.0pt
* \skip\footins=9.0pt plus 4.0pt minus 2.0pt
* \hoffset=0.0pt
* \voffset=0.0pt
* \mag=1000
* \@twocolumnfalse
* \@twosidefalse
* \@mparswitchfalse
* \@reversemarginfalse
* (1in=72.27pt=25.4mm, 1cm=28.453pt)

LaTeX Info: Redefining \degres on input line 20.
Package french.ldf Info: Setting StandardItemizeEnv=true for
(french.ldf)             compatibility with enumitem package,
(french.ldf)             reported on input line 20.
Package french.ldf Info: Setting StandardEnumerateEnv=true for
(french.ldf)             compatibility with enumitem package,
(french.ldf)             reported on input line 20.
LaTeX Info: Redefining \up on input line 20.
Package hyperref Info: Link coloring OFF on input line 20.

(C:\Users\ileje\Documents\L3\semestre-6-info\HAI605I-Donnees-multimedia\TP-Puec
h\TP1\out\compte_rendu.out)
(C:\Users\ileje\Documents\L3\semestre-6-info\HAI605I-Donnees-multimedia\TP-Puec
h\TP1\out\compte_rendu.out)
\@outlinefile=\write3
\openout3 = `compte_rendu.out'.


(C:/Users/ileje/AppData/Local/Programs/my_latex\tex/context/base/mkii\supp-pdf.
mkii
[Loading MPS to PDF converter (version 2006.09.02).]
\scratchcounter=\count286
\scratchdimen=\dimen166
\scratchbox=\box53
\nofMPsegments=\count287
\nofMParguments=\count288
\everyMPshowfont=\toks21
\MPscratchCnt=\count289
\MPscratchDim=\dimen167
\MPnumerator=\count290
\makeMPintoPDFobject=\count291
\everyMPtoPDFconversion=\toks22
)
(C:/Users/ileje/AppData/Local/Programs/my_latex\tex/latex/epstopdf-pkg\epstopdf
-base.sty
Package: epstopdf-base 2020-01-24 v2.11 Base part for package epstopdf
Package epstopdf-base Info: Redefining graphics rule for `.eps' on input line 4
85.

(C:/Users/ileje/AppData/Local/Programs/my_latex\tex/latex/00miktex\epstopdf-sys
.cfg
File: epstopdf-sys.cfg 2021/03/18 v2.0 Configuration of epstopdf for MiKTeX
))
LaTeX Font Info:    Trying to load font information for OT1+lmr on input line 2
3.
 (C:/Users/ileje/AppData/Local/Programs/my_latex\tex/latex/lm\ot1lmr.fd
File: ot1lmr.fd 2015/05/01 v1.6.1 Font defs for Latin Modern
)
LaTeX Font Info:    Trying to load font information for OML+lmm on input line 2
3.

(C:/Users/ileje/AppData/Local/Programs/my_latex\tex/latex/lm\omllmm.fd
File: omllmm.fd 2015/05/01 v1.6.1 Font defs for Latin Modern
)
LaTeX Font Info:    Trying to load font information for OMS+lmsy on input line 
23.

(C:/Users/ileje/AppData/Local/Programs/my_latex\tex/latex/lm\omslmsy.fd
File: omslmsy.fd 2015/05/01 v1.6.1 Font defs for Latin Modern
)
LaTeX Font Info:    Trying to load font information for OMX+lmex on input line 
23.

(C:/Users/ileje/AppData/Local/Programs/my_latex\tex/latex/lm\omxlmex.fd
File: omxlmex.fd 2015/05/01 v1.6.1 Font defs for Latin Modern
)
LaTeX Font Info:    External font `lmex10' loaded for size
(Font)              <12> on input line 23.
LaTeX Font Info:    External font `lmex10' loaded for size
(Font)              <8> on input line 23.
LaTeX Font Info:    External font `lmex10' loaded for size
(Font)              <6> on input line 23.

(C:\Users\ileje\Documents\L3\semestre-6-info\HAI605I-Donnees-multimedia\TP-Puec
h\TP1\out\compte_rendu.toc
LaTeX Font Info:    External font `lmex10' loaded for size
(Font)              <10> on input line 3.
LaTeX Font Info:    External font `lmex10' loaded for size
(Font)              <7> on input line 3.
LaTeX Font Info:    External font `lmex10' loaded for size
(Font)              <5> on input line 3.
)
\tf@toc=\write4
\openout4 = `compte_rendu.toc'.

 [1

{C:/Users/ileje/AppData/Local/MiKTeX/fonts/map/pdftex/pdftex.map}{C:/Users/ilej
e/AppData/Local/Programs/my_latex/fonts/enc/dvips/lm/lm-ec.enc}]
LaTeX Font Info:    Trying to load font information for T1+lmtt on input line 3
2.

(C:/Users/ileje/AppData/Local/Programs/my_latex\tex/latex/lm\t1lmtt.fd
File: t1lmtt.fd 2015/05/01 v1.6.1 Font defs for Latin Modern
)
<./out/orig-08.jpeg, id=91, 513.92pt x 513.92pt>
File: ./out/orig-08.jpeg Graphic file (type jpg)
<use ./out/orig-08.jpeg>
Package pdftex.def Info: ./out/orig-08.jpeg  used on input line 52.
(pdftex.def)             Requested size: 143.39998pt x 143.40257pt.
<./out/test-grey-08.jpeg, id=92, 513.92pt x 513.92pt>
File: ./out/test-grey-08.jpeg Graphic file (type jpg)
<use ./out/test-grey-08.jpeg>
Package pdftex.def Info: ./out/test-grey-08.jpeg  used on input line 57.
(pdftex.def)             Requested size: 143.39998pt x 143.40257pt.

[2 <./out/orig-08.jpeg> <./out/test-grey-08.jpeg>]
File: ./out/orig-08.jpeg Graphic file (type jpg)
<use ./out/orig-08.jpeg>
Package pdftex.def Info: ./out/orig-08.jpeg  used on input line 72.
(pdftex.def)             Requested size: 143.39998pt x 143.40257pt.
<./out/test-grey-08-03.jpeg, id=104, 513.92pt x 513.92pt>
File: ./out/test-grey-08-03.jpeg Graphic file (type jpg)
<use ./out/test-grey-08-03.jpeg>
Package pdftex.def Info: ./out/test-grey-08-03.jpeg  used on input line 77.
(pdftex.def)             Requested size: 143.39998pt x 143.40257pt.
File: ./out/orig-08.jpeg Graphic file (type jpg)
<use ./out/orig-08.jpeg>
Package pdftex.def Info: ./out/orig-08.jpeg  used on input line 90.
(pdftex.def)             Requested size: 143.39998pt x 143.40257pt.
<./out/test-grey-08-04.jpeg, id=105, 513.92pt x 513.92pt>
File: ./out/test-grey-08-04.jpeg Graphic file (type jpg)
<use ./out/test-grey-08-04.jpeg>
Package pdftex.def Info: ./out/test-grey-08-04.jpeg  used on input line 95.
(pdftex.def)             Requested size: 143.39998pt x 143.40257pt.
 [3 <./out/test-grey-08-03.jpeg> <./out/test-grey-08-04.jpeg>]
<./out/histo-code.png, id=114, 328.97906pt x 315.42844pt>
File: ./out/histo-code.png Graphic file (type png)
<use ./out/histo-code.png>
Package pdftex.def Info: ./out/histo-code.png  used on input line 114.
(pdftex.def)             Requested size: 298.75264pt x 286.45313pt.
<./out/histo-data.png, id=116, 48.18pt x 393.72093pt>
File: ./out/histo-data.png Graphic file (type png)
<use ./out/histo-data.png>
Package pdftex.def Info: ./out/histo-data.png  used on input line 126.
(pdftex.def)             Requested size: 17.54767pt x 143.39998pt.
<./out/histo-plot.png, id=117, 486.31688pt x 427.5975pt>
File: ./out/histo-plot.png Graphic file (type png)
<use ./out/histo-plot.png>
Package pdftex.def Info: ./out/histo-plot.png  used on input line 131.
(pdftex.def)             Requested size: 143.39998pt x 126.08144pt.
 [4 <./out/histo-code.png> <./out/histo-data.png> <./out/histo-plot.png>]
<./out/profil-code.png, id=128, 529.22719pt x 248.42813pt>
File: ./out/profil-code.png Graphic file (type png)
<use ./out/profil-code.png>
Package pdftex.def Info: ./out/profil-code.png  used on input line 147.
(pdftex.def)             Requested size: 298.75264pt x 140.24084pt.
<./out/profil-data.png, id=129, 39.89906pt x 380.92313pt>
File: ./out/profil-data.png Graphic file (type png)
<use ./out/profil-data.png>
Package pdftex.def Info: ./out/profil-data.png  used on input line 160.
(pdftex.def)             Requested size: 15.01993pt x 143.39998pt.
<./out/profil-plot.png, id=130, 486.31688pt x 427.5975pt>
File: ./out/profil-plot.png Graphic file (type png)
<use ./out/profil-plot.png>
Package pdftex.def Info: ./out/profil-plot.png  used on input line 165.
(pdftex.def)             Requested size: 143.39998pt x 126.08144pt.
 [5 <./out/profil-code.png> <./out/profil-data.png> <./out/profil-plot.png>]
<./out/test-couleur-code.png, id=141, 380.92313pt x 131.74219pt>
File: ./out/test-couleur-code.png Graphic file (type png)
<use ./out/test-couleur-code.png>
Package pdftex.def Info: ./out/test-couleur-code.png  used on input line 179.
(pdftex.def)             Requested size: 298.75264pt x 103.32736pt.
<./out/orig-peppers.jpeg, id=142, 256.96pt x 256.96pt>
File: ./out/orig-peppers.jpeg Graphic file (type jpg)
<use ./out/orig-peppers.jpeg>
Package pdftex.def Info: ./out/orig-peppers.jpeg  used on input line 188.
(pdftex.def)             Requested size: 143.39998pt x 143.40257pt.
<./out/test-couleur-peppers.jpeg, id=143, 256.96pt x 256.96pt>
File: ./out/test-couleur-peppers.jpeg Graphic file (type jpg)
<use ./out/test-couleur-peppers.jpeg>
Package pdftex.def Info: ./out/test-couleur-peppers.jpeg  used on input line 19
3.
(pdftex.def)             Requested size: 143.39998pt x 143.40257pt.
 [6 <./out/test-couleur-code.png> <./out/orig-peppers.jpeg> <./out/test-couleur
-peppers.jpeg>]
Overfull \hbox (13.94458pt too wide) in paragraph at lines 199--199
[]\T1/lmr/bx/n/14.4 Histogrammes de 3 com-po-santes d'une image cou-leur (ppm) 

 []

<./out/histo-couleur-code.png, id=152, 471.26062pt x 380.92313pt>
File: ./out/histo-couleur-code.png Graphic file (type png)
<use ./out/histo-couleur-code.png>
Package pdftex.def Info: ./out/histo-couleur-code.png  used on input line 211.
(pdftex.def)             Requested size: 298.75264pt x 241.48824pt.
<./out/histo-couleur-data.png, id=153, 85.06781pt x 376.40625pt>
File: ./out/histo-couleur-data.png Graphic file (type png)
<use ./out/histo-couleur-data.png>
Package pdftex.def Info: ./out/histo-couleur-data.png  used on input line 221.
(pdftex.def)             Requested size: 32.40916pt x 143.39998pt.
<./out/histo-couleur-plot.png, id=154, 1445.4pt x 776.9025pt>
File: ./out/histo-couleur-plot.png Graphic file (type png)
<use ./out/histo-couleur-plot.png>
Package pdftex.def Info: ./out/histo-couleur-plot.png  used on input line 226.
(pdftex.def)             Requested size: 143.39998pt x 77.0665pt.
[7 <./out/histo-couleur-code.png> <./out/histo-couleur-data.png> <./out/histo-c
ouleur-plot.png>] [8]
(C:\Users\ileje\Documents\L3\semestre-6-info\HAI605I-Donnees-multimedia\TP-Puec
h\TP1\out\compte_rendu.aux)
 ***********
LaTeX2e <2023-06-01> patch level 1
L3 programming layer <2023-08-29>
 ***********
Package rerunfilecheck Info: File `compte_rendu.out' has not changed.
(rerunfilecheck)             Checksum: 88FFF0C42F5BD48E833D06E21EEAEE24;3143.
 ) 
Here is how much of TeX's memory you used:
 11769 strings out of 475248
 192433 string characters out of 5756876
 1927785 words of memory out of 5000000
 33094 multiletter control sequences out of 15000+600000
 609014 words of font info for 66 fonts, out of 8000000 for 9000
 1141 hyphenation exceptions out of 8191
 75i,10n,79p,395b,446s stack positions out of 10000i,1000n,20000p,200000b,200000s
<C:/Users/ileje/AppData/Local/Programs/my_latex/fonts/type1/public/lm/lmbx10.
pfb><C:/Users/ileje/AppData/Local/Programs/my_latex/fonts/type1/public/lm/lmbx1
2.pfb><C:/Users/ileje/AppData/Local/Programs/my_latex/fonts/type1/public/lm/lmc
sc10.pfb><C:/Users/ileje/AppData/Local/Programs/my_latex/fonts/type1/public/lm/
lmr10.pfb><C:/Users/ileje/AppData/Local/Programs/my_latex/fonts/type1/public/lm
/lmr12.pfb><C:/Users/ileje/AppData/Local/Programs/my_latex/fonts/type1/public/l
m/lmr17.pfb><C:/Users/ileje/AppData/Local/Programs/my_latex/fonts/type1/public/
lm/lmri10.pfb><C:/Users/ileje/AppData/Local/Programs/my_latex/fonts/type1/publi
c/lm/lmtt10.pfb>
Output written on C:\Users\ileje\Documents\L3\semestre-6-info\HAI605I-Donnees-m
ultimedia\TP-Puech\TP1\out\compte_rendu.pdf (8 pages, 735647 bytes).
PDF statistics:
 218 PDF objects out of 1000 (max. 8388607)
 43 named destinations out of 1000 (max. 500000)
 201 words of extra memory for PDF output out of 10000 (max. 10000000)

